Resource: file:/Users/jingchen/Documents/HackReactor/Project/SDC/review-service/export.csv
Position: 1
Source: 9999998;Timothy Mraz;South Ciara NV;If we back up the feed, we can get to the HTTP hard drive through the back-end XSS alarm!;Quam rerum et ab.;19;21;36\u000a
java.lang.IllegalArgumentException: Could not parse 'South Ciara NV'; accepted formats are: a valid number (e.g. '1234.56'), a valid Java numeric format (e.g. '-123.45e6'), a valid date-time pattern (e.g. '2020-07-13T19:26:20.303Z'), or a valid boolean word
	at com.datastax.dsbulk.commons.codecs.util.CodecUtils.parseNumber(CodecUtils.java:144)
	at com.datastax.dsbulk.commons.codecs.string.StringToNumberCodec.parseNumber(StringToNumberCodec.java:72)
	at com.datastax.dsbulk.commons.codecs.string.StringToIntegerCodec.externalToInternal(StringToIntegerCodec.java:55)
	at com.datastax.dsbulk.commons.codecs.string.StringToIntegerCodec.externalToInternal(StringToIntegerCodec.java:26)
	at com.datastax.dsbulk.commons.codecs.ConvertingCodec.encode(ConvertingCodec.java:63)
	at com.datastax.dsbulk.engine.internal.schema.DefaultRecordMapper.bindColumn(DefaultRecordMapper.java:144)
	at com.datastax.dsbulk.engine.internal.schema.DefaultRecordMapper.map(DefaultRecordMapper.java:118)
	at java.lang.Thread.run(Thread.java:748) [22 skipped]
	Suppressed: java.time.format.DateTimeParseException: Text 'South Ciara NV' could not be parsed at index 0
		at java.time.format.DateTimeFormatter.parseResolved0(DateTimeFormatter.java:1949)
		at java.time.format.DateTimeFormatter.parse(DateTimeFormatter.java:1819)
		at com.datastax.dsbulk.commons.codecs.util.SimpleTemporalFormat.parse(SimpleTemporalFormat.java:41)
		at com.datastax.dsbulk.commons.codecs.util.ZonedTemporalFormat.parse(ZonedTemporalFormat.java:45)
		at com.datastax.dsbulk.commons.codecs.util.CodecUtils.parseNumber(CodecUtils.java:131)
		at com.datastax.dsbulk.commons.codecs.string.StringToNumberCodec.parseNumber(StringToNumberCodec.java:72)
		at com.datastax.dsbulk.commons.codecs.string.StringToIntegerCodec.externalToInternal(StringToIntegerCodec.java:55)
		at com.datastax.dsbulk.commons.codecs.string.StringToIntegerCodec.externalToInternal(StringToIntegerCodec.java:26)
		at com.datastax.dsbulk.commons.codecs.ConvertingCodec.encode(ConvertingCodec.java:63)
		at com.datastax.dsbulk.engine.internal.schema.DefaultRecordMapper.bindColumn(DefaultRecordMapper.java:144)
		Suppressed: java.lang.NumberFormatException: For input string: "South Ciara NV"
			at sun.misc.FloatingDecimal.readJavaFormatString(FloatingDecimal.java:2043)
			at sun.misc.FloatingDecimal.parseDouble(FloatingDecimal.java:110)
			at java.lang.Double.parseDouble(Double.java:538)
			at java.lang.Double.valueOf(Double.java:502)
			at com.datastax.dsbulk.commons.codecs.util.CodecUtils.parseNumber(CodecUtils.java:126)
			at com.datastax.dsbulk.commons.codecs.string.StringToNumberCodec.parseNumber(StringToNumberCodec.java:72)
			at com.datastax.dsbulk.commons.codecs.string.StringToIntegerCodec.externalToInternal(StringToIntegerCodec.java:55)
			at com.datastax.dsbulk.commons.codecs.string.StringToIntegerCodec.externalToInternal(StringToIntegerCodec.java:26)
			at com.datastax.dsbulk.commons.codecs.ConvertingCodec.encode(ConvertingCodec.java:63)
			at com.datastax.dsbulk.engine.internal.schema.DefaultRecordMapper.bindColumn(DefaultRecordMapper.java:144)
			Suppressed: java.lang.NumberFormatException: null
				at java.math.BigDecimal.<init>(BigDecimal.java:497)
				at java.math.BigDecimal.<init>(BigDecimal.java:383)
				at java.math.BigDecimal.<init>(BigDecimal.java:809)
				at com.datastax.dsbulk.commons.codecs.util.CodecUtils.parseNumber(CodecUtils.java:121)
				at com.datastax.dsbulk.commons.codecs.string.StringToNumberCodec.parseNumber(StringToNumberCodec.java:72)
				at com.datastax.dsbulk.commons.codecs.string.StringToIntegerCodec.externalToInternal(StringToIntegerCodec.java:55)
				at com.datastax.dsbulk.commons.codecs.string.StringToIntegerCodec.externalToInternal(StringToIntegerCodec.java:26)
				at com.datastax.dsbulk.commons.codecs.ConvertingCodec.encode(ConvertingCodec.java:63)
				at com.datastax.dsbulk.engine.internal.schema.DefaultRecordMapper.bindColumn(DefaultRecordMapper.java:144)
				at com.datastax.dsbulk.engine.internal.schema.DefaultRecordMapper.map(DefaultRecordMapper.java:118)
				Suppressed: java.text.ParseException: Invalid number format: South Ciara NV
					at com.datastax.dsbulk.commons.codecs.util.CodecUtils.parseNumber(CodecUtils.java:272)
					at com.datastax.dsbulk.commons.codecs.util.CodecUtils.parseNumber(CodecUtils.java:117)
					at com.datastax.dsbulk.commons.codecs.string.StringToNumberCodec.parseNumber(StringToNumberCodec.java:72)
					at com.datastax.dsbulk.commons.codecs.string.StringToIntegerCodec.externalToInternal(StringToIntegerCodec.java:55)
					at com.datastax.dsbulk.commons.codecs.string.StringToIntegerCodec.externalToInternal(StringToIntegerCodec.java:26)
					at com.datastax.dsbulk.commons.codecs.ConvertingCodec.encode(ConvertingCodec.java:63)
					at com.datastax.dsbulk.engine.internal.schema.DefaultRecordMapper.bindColumn(DefaultRecordMapper.java:144)
					at com.datastax.dsbulk.engine.internal.schema.DefaultRecordMapper.map(DefaultRecordMapper.java:118)
					at java.lang.Thread.run(Thread.java:748) [22 skipped]

Resource: file:/Users/jingchen/Documents/HackReactor/Project/SDC/review-service/export.csv
Position: 2
Source: 9999998;Nakia Kohler;Lake Dale AL;Try to index the XML protocol, maybe it will bypass the auxiliary port!;Illo autem laboriosam illo.;51;51;15\u000a
java.lang.IllegalArgumentException: Could not parse 'Lake Dale AL'; accepted formats are: a valid number (e.g. '1234.56'), a valid Java numeric format (e.g. '-123.45e6'), a valid date-time pattern (e.g. '2020-07-13T19:26:20.303Z'), or a valid boolean word
	at com.datastax.dsbulk.commons.codecs.util.CodecUtils.parseNumber(CodecUtils.java:144)
	at com.datastax.dsbulk.commons.codecs.string.StringToNumberCodec.parseNumber(StringToNumberCodec.java:72)
	at com.datastax.dsbulk.commons.codecs.string.StringToIntegerCodec.externalToInternal(StringToIntegerCodec.java:55)
	at com.datastax.dsbulk.commons.codecs.string.StringToIntegerCodec.externalToInternal(StringToIntegerCodec.java:26)
	at com.datastax.dsbulk.commons.codecs.ConvertingCodec.encode(ConvertingCodec.java:63)
	at com.datastax.dsbulk.engine.internal.schema.DefaultRecordMapper.bindColumn(DefaultRecordMapper.java:144)
	at com.datastax.dsbulk.engine.internal.schema.DefaultRecordMapper.map(DefaultRecordMapper.java:118)
	at java.lang.Thread.run(Thread.java:748) [22 skipped]
	Suppressed: java.time.format.DateTimeParseException: Text 'Lake Dale AL' could not be parsed at index 0
		at java.time.format.DateTimeFormatter.parseResolved0(DateTimeFormatter.java:1949)
		at java.time.format.DateTimeFormatter.parse(DateTimeFormatter.java:1819)
		at com.datastax.dsbulk.commons.codecs.util.SimpleTemporalFormat.parse(SimpleTemporalFormat.java:41)
		at com.datastax.dsbulk.commons.codecs.util.ZonedTemporalFormat.parse(ZonedTemporalFormat.java:45)
		at com.datastax.dsbulk.commons.codecs.util.CodecUtils.parseNumber(CodecUtils.java:131)
		at com.datastax.dsbulk.commons.codecs.string.StringToNumberCodec.parseNumber(StringToNumberCodec.java:72)
		at com.datastax.dsbulk.commons.codecs.string.StringToIntegerCodec.externalToInternal(StringToIntegerCodec.java:55)
		at com.datastax.dsbulk.commons.codecs.string.StringToIntegerCodec.externalToInternal(StringToIntegerCodec.java:26)
		at com.datastax.dsbulk.commons.codecs.ConvertingCodec.encode(ConvertingCodec.java:63)
		at com.datastax.dsbulk.engine.internal.schema.DefaultRecordMapper.bindColumn(DefaultRecordMapper.java:144)
		Suppressed: java.lang.NumberFormatException: For input string: "Lake Dale AL"
			at sun.misc.FloatingDecimal.readJavaFormatString(FloatingDecimal.java:2043)
			at sun.misc.FloatingDecimal.parseDouble(FloatingDecimal.java:110)
			at java.lang.Double.parseDouble(Double.java:538)
			at java.lang.Double.valueOf(Double.java:502)
			at com.datastax.dsbulk.commons.codecs.util.CodecUtils.parseNumber(CodecUtils.java:126)
			at com.datastax.dsbulk.commons.codecs.string.StringToNumberCodec.parseNumber(StringToNumberCodec.java:72)
			at com.datastax.dsbulk.commons.codecs.string.StringToIntegerCodec.externalToInternal(StringToIntegerCodec.java:55)
			at com.datastax.dsbulk.commons.codecs.string.StringToIntegerCodec.externalToInternal(StringToIntegerCodec.java:26)
			at com.datastax.dsbulk.commons.codecs.ConvertingCodec.encode(ConvertingCodec.java:63)
			at com.datastax.dsbulk.engine.internal.schema.DefaultRecordMapper.bindColumn(DefaultRecordMapper.java:144)
			Suppressed: java.lang.NumberFormatException: null
				at java.math.BigDecimal.<init>(BigDecimal.java:497)
				at java.math.BigDecimal.<init>(BigDecimal.java:383)
				at java.math.BigDecimal.<init>(BigDecimal.java:809)
				at com.datastax.dsbulk.commons.codecs.util.CodecUtils.parseNumber(CodecUtils.java:121)
				at com.datastax.dsbulk.commons.codecs.string.StringToNumberCodec.parseNumber(StringToNumberCodec.java:72)
				at com.datastax.dsbulk.commons.codecs.string.StringToIntegerCodec.externalToInternal(StringToIntegerCodec.java:55)
				at com.datastax.dsbulk.commons.codecs.string.StringToIntegerCodec.externalToInternal(StringToIntegerCodec.java:26)
				at com.datastax.dsbulk.commons.codecs.ConvertingCodec.encode(ConvertingCodec.java:63)
				at com.datastax.dsbulk.engine.internal.schema.DefaultRecordMapper.bindColumn(DefaultRecordMapper.java:144)
				at com.datastax.dsbulk.engine.internal.schema.DefaultRecordMapper.map(DefaultRecordMapper.java:118)
				Suppressed: java.text.ParseException: Invalid number format: Lake Dale AL
					at com.datastax.dsbulk.commons.codecs.util.CodecUtils.parseNumber(CodecUtils.java:272)
					at com.datastax.dsbulk.commons.codecs.util.CodecUtils.parseNumber(CodecUtils.java:117)
					at com.datastax.dsbulk.commons.codecs.string.StringToNumberCodec.parseNumber(StringToNumberCodec.java:72)
					at com.datastax.dsbulk.commons.codecs.string.StringToIntegerCodec.externalToInternal(StringToIntegerCodec.java:55)
					at com.datastax.dsbulk.commons.codecs.string.StringToIntegerCodec.externalToInternal(StringToIntegerCodec.java:26)
					at com.datastax.dsbulk.commons.codecs.ConvertingCodec.encode(ConvertingCodec.java:63)
					at com.datastax.dsbulk.engine.internal.schema.DefaultRecordMapper.bindColumn(DefaultRecordMapper.java:144)
					at com.datastax.dsbulk.engine.internal.schema.DefaultRecordMapper.map(DefaultRecordMapper.java:118)
					at java.lang.Thread.run(Thread.java:748) [22 skipped]

Resource: file:/Users/jingchen/Documents/HackReactor/Project/SDC/review-service/export.csv
Position: 3
Source: 9999998;Megane Pfeffer;Joanburgh NC;Use the multi-byte USB array, then you can compress the haptic capacitor!;Aspernatur sit corrupti non dolor optio fugit.;17;20;50\u000a
java.lang.IllegalArgumentException: Could not parse 'Joanburgh NC'; accepted formats are: a valid number (e.g. '1234.56'), a valid Java numeric format (e.g. '-123.45e6'), a valid date-time pattern (e.g. '2020-07-13T19:26:20.304Z'), or a valid boolean word
	at com.datastax.dsbulk.commons.codecs.util.CodecUtils.parseNumber(CodecUtils.java:144)
	at com.datastax.dsbulk.commons.codecs.string.StringToNumberCodec.parseNumber(StringToNumberCodec.java:72)
	at com.datastax.dsbulk.commons.codecs.string.StringToIntegerCodec.externalToInternal(StringToIntegerCodec.java:55)
	at com.datastax.dsbulk.commons.codecs.string.StringToIntegerCodec.externalToInternal(StringToIntegerCodec.java:26)
	at com.datastax.dsbulk.commons.codecs.ConvertingCodec.encode(ConvertingCodec.java:63)
	at com.datastax.dsbulk.engine.internal.schema.DefaultRecordMapper.bindColumn(DefaultRecordMapper.java:144)
	at com.datastax.dsbulk.engine.internal.schema.DefaultRecordMapper.map(DefaultRecordMapper.java:118)
	at java.lang.Thread.run(Thread.java:748) [22 skipped]
	Suppressed: java.time.format.DateTimeParseException: Text 'Joanburgh NC' could not be parsed at index 0
		at java.time.format.DateTimeFormatter.parseResolved0(DateTimeFormatter.java:1949)
		at java.time.format.DateTimeFormatter.parse(DateTimeFormatter.java:1819)
		at com.datastax.dsbulk.commons.codecs.util.SimpleTemporalFormat.parse(SimpleTemporalFormat.java:41)
		at com.datastax.dsbulk.commons.codecs.util.ZonedTemporalFormat.parse(ZonedTemporalFormat.java:45)
		at com.datastax.dsbulk.commons.codecs.util.CodecUtils.parseNumber(CodecUtils.java:131)
		at com.datastax.dsbulk.commons.codecs.string.StringToNumberCodec.parseNumber(StringToNumberCodec.java:72)
		at com.datastax.dsbulk.commons.codecs.string.StringToIntegerCodec.externalToInternal(StringToIntegerCodec.java:55)
		at com.datastax.dsbulk.commons.codecs.string.StringToIntegerCodec.externalToInternal(StringToIntegerCodec.java:26)
		at com.datastax.dsbulk.commons.codecs.ConvertingCodec.encode(ConvertingCodec.java:63)
		at com.datastax.dsbulk.engine.internal.schema.DefaultRecordMapper.bindColumn(DefaultRecordMapper.java:144)
		Suppressed: java.lang.NumberFormatException: For input string: "Joanburgh NC"
			at sun.misc.FloatingDecimal.readJavaFormatString(FloatingDecimal.java:2043)
			at sun.misc.FloatingDecimal.parseDouble(FloatingDecimal.java:110)
			at java.lang.Double.parseDouble(Double.java:538)
			at java.lang.Double.valueOf(Double.java:502)
			at com.datastax.dsbulk.commons.codecs.util.CodecUtils.parseNumber(CodecUtils.java:126)
			at com.datastax.dsbulk.commons.codecs.string.StringToNumberCodec.parseNumber(StringToNumberCodec.java:72)
			at com.datastax.dsbulk.commons.codecs.string.StringToIntegerCodec.externalToInternal(StringToIntegerCodec.java:55)
			at com.datastax.dsbulk.commons.codecs.string.StringToIntegerCodec.externalToInternal(StringToIntegerCodec.java:26)
			at com.datastax.dsbulk.commons.codecs.ConvertingCodec.encode(ConvertingCodec.java:63)
			at com.datastax.dsbulk.engine.internal.schema.DefaultRecordMapper.bindColumn(DefaultRecordMapper.java:144)
			Suppressed: java.lang.NumberFormatException: null
				at java.math.BigDecimal.<init>(BigDecimal.java:497)
				at java.math.BigDecimal.<init>(BigDecimal.java:383)
				at java.math.BigDecimal.<init>(BigDecimal.java:809)
				at com.datastax.dsbulk.commons.codecs.util.CodecUtils.parseNumber(CodecUtils.java:121)
				at com.datastax.dsbulk.commons.codecs.string.StringToNumberCodec.parseNumber(StringToNumberCodec.java:72)
				at com.datastax.dsbulk.commons.codecs.string.StringToIntegerCodec.externalToInternal(StringToIntegerCodec.java:55)
				at com.datastax.dsbulk.commons.codecs.string.StringToIntegerCodec.externalToInternal(StringToIntegerCodec.java:26)
				at com.datastax.dsbulk.commons.codecs.ConvertingCodec.encode(ConvertingCodec.java:63)
				at com.datastax.dsbulk.engine.internal.schema.DefaultRecordMapper.bindColumn(DefaultRecordMapper.java:144)
				at com.datastax.dsbulk.engine.internal.schema.DefaultRecordMapper.map(DefaultRecordMapper.java:118)
				Suppressed: java.text.ParseException: Invalid number format: Joanburgh NC
					at com.datastax.dsbulk.commons.codecs.util.CodecUtils.parseNumber(CodecUtils.java:272)
					at com.datastax.dsbulk.commons.codecs.util.CodecUtils.parseNumber(CodecUtils.java:117)
					at com.datastax.dsbulk.commons.codecs.string.StringToNumberCodec.parseNumber(StringToNumberCodec.java:72)
					at com.datastax.dsbulk.commons.codecs.string.StringToIntegerCodec.externalToInternal(StringToIntegerCodec.java:55)
					at com.datastax.dsbulk.commons.codecs.string.StringToIntegerCodec.externalToInternal(StringToIntegerCodec.java:26)
					at com.datastax.dsbulk.commons.codecs.ConvertingCodec.encode(ConvertingCodec.java:63)
					at com.datastax.dsbulk.engine.internal.schema.DefaultRecordMapper.bindColumn(DefaultRecordMapper.java:144)
					at com.datastax.dsbulk.engine.internal.schema.DefaultRecordMapper.map(DefaultRecordMapper.java:118)
					at java.lang.Thread.run(Thread.java:748) [22 skipped]

Resource: file:/Users/jingchen/Documents/HackReactor/Project/SDC/review-service/export.csv
Position: 4
Source: 9999998;Mackenzie Hartmann;Glendashire AL;Use the virtual SMS program, then you can calculate the online capacitor!;Reiciendis sed illum doloremque.;17;51;5\u000a
java.lang.IllegalArgumentException: Could not parse 'Glendashire AL'; accepted formats are: a valid number (e.g. '1234.56'), a valid Java numeric format (e.g. '-123.45e6'), a valid date-time pattern (e.g. '2020-07-13T19:26:20.304Z'), or a valid boolean word
	at com.datastax.dsbulk.commons.codecs.util.CodecUtils.parseNumber(CodecUtils.java:144)
	at com.datastax.dsbulk.commons.codecs.string.StringToNumberCodec.parseNumber(StringToNumberCodec.java:72)
	at com.datastax.dsbulk.commons.codecs.string.StringToIntegerCodec.externalToInternal(StringToIntegerCodec.java:55)
	at com.datastax.dsbulk.commons.codecs.string.StringToIntegerCodec.externalToInternal(StringToIntegerCodec.java:26)
	at com.datastax.dsbulk.commons.codecs.ConvertingCodec.encode(ConvertingCodec.java:63)
	at com.datastax.dsbulk.engine.internal.schema.DefaultRecordMapper.bindColumn(DefaultRecordMapper.java:144)
	at com.datastax.dsbulk.engine.internal.schema.DefaultRecordMapper.map(DefaultRecordMapper.java:118)
	at java.lang.Thread.run(Thread.java:748) [22 skipped]
	Suppressed: java.time.format.DateTimeParseException: Text 'Glendashire AL' could not be parsed at index 0
		at java.time.format.DateTimeFormatter.parseResolved0(DateTimeFormatter.java:1949)
		at java.time.format.DateTimeFormatter.parse(DateTimeFormatter.java:1819)
		at com.datastax.dsbulk.commons.codecs.util.SimpleTemporalFormat.parse(SimpleTemporalFormat.java:41)
		at com.datastax.dsbulk.commons.codecs.util.ZonedTemporalFormat.parse(ZonedTemporalFormat.java:45)
		at com.datastax.dsbulk.commons.codecs.util.CodecUtils.parseNumber(CodecUtils.java:131)
		at com.datastax.dsbulk.commons.codecs.string.StringToNumberCodec.parseNumber(StringToNumberCodec.java:72)
		at com.datastax.dsbulk.commons.codecs.string.StringToIntegerCodec.externalToInternal(StringToIntegerCodec.java:55)
		at com.datastax.dsbulk.commons.codecs.string.StringToIntegerCodec.externalToInternal(StringToIntegerCodec.java:26)
		at com.datastax.dsbulk.commons.codecs.ConvertingCodec.encode(ConvertingCodec.java:63)
		at com.datastax.dsbulk.engine.internal.schema.DefaultRecordMapper.bindColumn(DefaultRecordMapper.java:144)
		Suppressed: java.lang.NumberFormatException: For input string: "Glendashire AL"
			at sun.misc.FloatingDecimal.readJavaFormatString(FloatingDecimal.java:2043)
			at sun.misc.FloatingDecimal.parseDouble(FloatingDecimal.java:110)
			at java.lang.Double.parseDouble(Double.java:538)
			at java.lang.Double.valueOf(Double.java:502)
			at com.datastax.dsbulk.commons.codecs.util.CodecUtils.parseNumber(CodecUtils.java:126)
			at com.datastax.dsbulk.commons.codecs.string.StringToNumberCodec.parseNumber(StringToNumberCodec.java:72)
			at com.datastax.dsbulk.commons.codecs.string.StringToIntegerCodec.externalToInternal(StringToIntegerCodec.java:55)
			at com.datastax.dsbulk.commons.codecs.string.StringToIntegerCodec.externalToInternal(StringToIntegerCodec.java:26)
			at com.datastax.dsbulk.commons.codecs.ConvertingCodec.encode(ConvertingCodec.java:63)
			at com.datastax.dsbulk.engine.internal.schema.DefaultRecordMapper.bindColumn(DefaultRecordMapper.java:144)
			Suppressed: java.lang.NumberFormatException: null
				at java.math.BigDecimal.<init>(BigDecimal.java:497)
				at java.math.BigDecimal.<init>(BigDecimal.java:383)
				at java.math.BigDecimal.<init>(BigDecimal.java:809)
				at com.datastax.dsbulk.commons.codecs.util.CodecUtils.parseNumber(CodecUtils.java:121)
				at com.datastax.dsbulk.commons.codecs.string.StringToNumberCodec.parseNumber(StringToNumberCodec.java:72)
				at com.datastax.dsbulk.commons.codecs.string.StringToIntegerCodec.externalToInternal(StringToIntegerCodec.java:55)
				at com.datastax.dsbulk.commons.codecs.string.StringToIntegerCodec.externalToInternal(StringToIntegerCodec.java:26)
				at com.datastax.dsbulk.commons.codecs.ConvertingCodec.encode(ConvertingCodec.java:63)
				at com.datastax.dsbulk.engine.internal.schema.DefaultRecordMapper.bindColumn(DefaultRecordMapper.java:144)
				at com.datastax.dsbulk.engine.internal.schema.DefaultRecordMapper.map(DefaultRecordMapper.java:118)
				Suppressed: java.text.ParseException: Invalid number format: Glendashire AL
					at com.datastax.dsbulk.commons.codecs.util.CodecUtils.parseNumber(CodecUtils.java:272)
					at com.datastax.dsbulk.commons.codecs.util.CodecUtils.parseNumber(CodecUtils.java:117)
					at com.datastax.dsbulk.commons.codecs.string.StringToNumberCodec.parseNumber(StringToNumberCodec.java:72)
					at com.datastax.dsbulk.commons.codecs.string.StringToIntegerCodec.externalToInternal(StringToIntegerCodec.java:55)
					at com.datastax.dsbulk.commons.codecs.string.StringToIntegerCodec.externalToInternal(StringToIntegerCodec.java:26)
					at com.datastax.dsbulk.commons.codecs.ConvertingCodec.encode(ConvertingCodec.java:63)
					at com.datastax.dsbulk.engine.internal.schema.DefaultRecordMapper.bindColumn(DefaultRecordMapper.java:144)
					at com.datastax.dsbulk.engine.internal.schema.DefaultRecordMapper.map(DefaultRecordMapper.java:118)
					at java.lang.Thread.run(Thread.java:748) [22 skipped]

Resource: file:/Users/jingchen/Documents/HackReactor/Project/SDC/review-service/export.csv
Position: 5
Source: 9999999;Layne Bashirian;Port Sharonmouth AL;If we calculate the protocol, we can get to the FTP microchip through the solid state SAS feed!;Rem consequatur sint ut.;31;25;7\u000a
java.lang.IllegalArgumentException: Could not parse 'Port Sharonmouth AL'; accepted formats are: a valid number (e.g. '1234.56'), a valid Java numeric format (e.g. '-123.45e6'), a valid date-time pattern (e.g. '2020-07-13T19:26:20.304Z'), or a valid boolean word
	at com.datastax.dsbulk.commons.codecs.util.CodecUtils.parseNumber(CodecUtils.java:144)
	at com.datastax.dsbulk.commons.codecs.string.StringToNumberCodec.parseNumber(StringToNumberCodec.java:72)
	at com.datastax.dsbulk.commons.codecs.string.StringToIntegerCodec.externalToInternal(StringToIntegerCodec.java:55)
	at com.datastax.dsbulk.commons.codecs.string.StringToIntegerCodec.externalToInternal(StringToIntegerCodec.java:26)
	at com.datastax.dsbulk.commons.codecs.ConvertingCodec.encode(ConvertingCodec.java:63)
	at com.datastax.dsbulk.engine.internal.schema.DefaultRecordMapper.bindColumn(DefaultRecordMapper.java:144)
	at com.datastax.dsbulk.engine.internal.schema.DefaultRecordMapper.map(DefaultRecordMapper.java:118)
	at java.lang.Thread.run(Thread.java:748) [22 skipped]
	Suppressed: java.time.format.DateTimeParseException: Text 'Port Sharonmouth AL' could not be parsed at index 0
		at java.time.format.DateTimeFormatter.parseResolved0(DateTimeFormatter.java:1949)
		at java.time.format.DateTimeFormatter.parse(DateTimeFormatter.java:1819)
		at com.datastax.dsbulk.commons.codecs.util.SimpleTemporalFormat.parse(SimpleTemporalFormat.java:41)
		at com.datastax.dsbulk.commons.codecs.util.ZonedTemporalFormat.parse(ZonedTemporalFormat.java:45)
		at com.datastax.dsbulk.commons.codecs.util.CodecUtils.parseNumber(CodecUtils.java:131)
		at com.datastax.dsbulk.commons.codecs.string.StringToNumberCodec.parseNumber(StringToNumberCodec.java:72)
		at com.datastax.dsbulk.commons.codecs.string.StringToIntegerCodec.externalToInternal(StringToIntegerCodec.java:55)
		at com.datastax.dsbulk.commons.codecs.string.StringToIntegerCodec.externalToInternal(StringToIntegerCodec.java:26)
		at com.datastax.dsbulk.commons.codecs.ConvertingCodec.encode(ConvertingCodec.java:63)
		at com.datastax.dsbulk.engine.internal.schema.DefaultRecordMapper.bindColumn(DefaultRecordMapper.java:144)
		Suppressed: java.lang.NumberFormatException: For input string: "Port Sharonmouth AL"
			at sun.misc.FloatingDecimal.readJavaFormatString(FloatingDecimal.java:2043)
			at sun.misc.FloatingDecimal.parseDouble(FloatingDecimal.java:110)
			at java.lang.Double.parseDouble(Double.java:538)
			at java.lang.Double.valueOf(Double.java:502)
			at com.datastax.dsbulk.commons.codecs.util.CodecUtils.parseNumber(CodecUtils.java:126)
			at com.datastax.dsbulk.commons.codecs.string.StringToNumberCodec.parseNumber(StringToNumberCodec.java:72)
			at com.datastax.dsbulk.commons.codecs.string.StringToIntegerCodec.externalToInternal(StringToIntegerCodec.java:55)
			at com.datastax.dsbulk.commons.codecs.string.StringToIntegerCodec.externalToInternal(StringToIntegerCodec.java:26)
			at com.datastax.dsbulk.commons.codecs.ConvertingCodec.encode(ConvertingCodec.java:63)
			at com.datastax.dsbulk.engine.internal.schema.DefaultRecordMapper.bindColumn(DefaultRecordMapper.java:144)
			Suppressed: java.lang.NumberFormatException: null
				at java.math.BigDecimal.<init>(BigDecimal.java:553)
				at java.math.BigDecimal.<init>(BigDecimal.java:383)
				at java.math.BigDecimal.<init>(BigDecimal.java:809)
				at com.datastax.dsbulk.commons.codecs.util.CodecUtils.parseNumber(CodecUtils.java:121)
				at com.datastax.dsbulk.commons.codecs.string.StringToNumberCodec.parseNumber(StringToNumberCodec.java:72)
				at com.datastax.dsbulk.commons.codecs.string.StringToIntegerCodec.externalToInternal(StringToIntegerCodec.java:55)
				at com.datastax.dsbulk.commons.codecs.string.StringToIntegerCodec.externalToInternal(StringToIntegerCodec.java:26)
				at com.datastax.dsbulk.commons.codecs.ConvertingCodec.encode(ConvertingCodec.java:63)
				at com.datastax.dsbulk.engine.internal.schema.DefaultRecordMapper.bindColumn(DefaultRecordMapper.java:144)
				at com.datastax.dsbulk.engine.internal.schema.DefaultRecordMapper.map(DefaultRecordMapper.java:118)
				Suppressed: java.text.ParseException: Invalid number format: Port Sharonmouth AL
					at com.datastax.dsbulk.commons.codecs.util.CodecUtils.parseNumber(CodecUtils.java:272)
					at com.datastax.dsbulk.commons.codecs.util.CodecUtils.parseNumber(CodecUtils.java:117)
					at com.datastax.dsbulk.commons.codecs.string.StringToNumberCodec.parseNumber(StringToNumberCodec.java:72)
					at com.datastax.dsbulk.commons.codecs.string.StringToIntegerCodec.externalToInternal(StringToIntegerCodec.java:55)
					at com.datastax.dsbulk.commons.codecs.string.StringToIntegerCodec.externalToInternal(StringToIntegerCodec.java:26)
					at com.datastax.dsbulk.commons.codecs.ConvertingCodec.encode(ConvertingCodec.java:63)
					at com.datastax.dsbulk.engine.internal.schema.DefaultRecordMapper.bindColumn(DefaultRecordMapper.java:144)
					at com.datastax.dsbulk.engine.internal.schema.DefaultRecordMapper.map(DefaultRecordMapper.java:118)
					at java.lang.Thread.run(Thread.java:748) [22 skipped]

Resource: file:/Users/jingchen/Documents/HackReactor/Project/SDC/review-service/export.csv
Position: 6
Source: 9999999;Dawson Reilly PhD;Lueilwitzview NV;synthesizing the protocol won't do anything, we need to index the bluetooth SAS firewall!;Saepe tenetur alias veniam maxime.;2;28;35\u000a
java.lang.IllegalArgumentException: Could not parse 'Lueilwitzview NV'; accepted formats are: a valid number (e.g. '1234.56'), a valid Java numeric format (e.g. '-123.45e6'), a valid date-time pattern (e.g. '2020-07-13T19:26:20.304Z'), or a valid boolean word
	at com.datastax.dsbulk.commons.codecs.util.CodecUtils.parseNumber(CodecUtils.java:144)
	at com.datastax.dsbulk.commons.codecs.string.StringToNumberCodec.parseNumber(StringToNumberCodec.java:72)
	at com.datastax.dsbulk.commons.codecs.string.StringToIntegerCodec.externalToInternal(StringToIntegerCodec.java:55)
	at com.datastax.dsbulk.commons.codecs.string.StringToIntegerCodec.externalToInternal(StringToIntegerCodec.java:26)
	at com.datastax.dsbulk.commons.codecs.ConvertingCodec.encode(ConvertingCodec.java:63)
	at com.datastax.dsbulk.engine.internal.schema.DefaultRecordMapper.bindColumn(DefaultRecordMapper.java:144)
	at com.datastax.dsbulk.engine.internal.schema.DefaultRecordMapper.map(DefaultRecordMapper.java:118)
	at java.lang.Thread.run(Thread.java:748) [22 skipped]
	Suppressed: java.time.format.DateTimeParseException: Text 'Lueilwitzview NV' could not be parsed at index 0
		at java.time.format.DateTimeFormatter.parseResolved0(DateTimeFormatter.java:1949)
		at java.time.format.DateTimeFormatter.parse(DateTimeFormatter.java:1819)
		at com.datastax.dsbulk.commons.codecs.util.SimpleTemporalFormat.parse(SimpleTemporalFormat.java:41)
		at com.datastax.dsbulk.commons.codecs.util.ZonedTemporalFormat.parse(ZonedTemporalFormat.java:45)
		at com.datastax.dsbulk.commons.codecs.util.CodecUtils.parseNumber(CodecUtils.java:131)
		at com.datastax.dsbulk.commons.codecs.string.StringToNumberCodec.parseNumber(StringToNumberCodec.java:72)
		at com.datastax.dsbulk.commons.codecs.string.StringToIntegerCodec.externalToInternal(StringToIntegerCodec.java:55)
		at com.datastax.dsbulk.commons.codecs.string.StringToIntegerCodec.externalToInternal(StringToIntegerCodec.java:26)
		at com.datastax.dsbulk.commons.codecs.ConvertingCodec.encode(ConvertingCodec.java:63)
		at com.datastax.dsbulk.engine.internal.schema.DefaultRecordMapper.bindColumn(DefaultRecordMapper.java:144)
		Suppressed: java.lang.NumberFormatException: For input string: "Lueilwitzview NV"
			at sun.misc.FloatingDecimal.readJavaFormatString(FloatingDecimal.java:2043)
			at sun.misc.FloatingDecimal.parseDouble(FloatingDecimal.java:110)
			at java.lang.Double.parseDouble(Double.java:538)
			at java.lang.Double.valueOf(Double.java:502)
			at com.datastax.dsbulk.commons.codecs.util.CodecUtils.parseNumber(CodecUtils.java:126)
			at com.datastax.dsbulk.commons.codecs.string.StringToNumberCodec.parseNumber(StringToNumberCodec.java:72)
			at com.datastax.dsbulk.commons.codecs.string.StringToIntegerCodec.externalToInternal(StringToIntegerCodec.java:55)
			at com.datastax.dsbulk.commons.codecs.string.StringToIntegerCodec.externalToInternal(StringToIntegerCodec.java:26)
			at com.datastax.dsbulk.commons.codecs.ConvertingCodec.encode(ConvertingCodec.java:63)
			at com.datastax.dsbulk.engine.internal.schema.DefaultRecordMapper.bindColumn(DefaultRecordMapper.java:144)
			Suppressed: java.lang.NumberFormatException: null
				at java.math.BigDecimal.<init>(BigDecimal.java:497)
				at java.math.BigDecimal.<init>(BigDecimal.java:383)
				at java.math.BigDecimal.<init>(BigDecimal.java:809)
				at com.datastax.dsbulk.commons.codecs.util.CodecUtils.parseNumber(CodecUtils.java:121)
				at com.datastax.dsbulk.commons.codecs.string.StringToNumberCodec.parseNumber(StringToNumberCodec.java:72)
				at com.datastax.dsbulk.commons.codecs.string.StringToIntegerCodec.externalToInternal(StringToIntegerCodec.java:55)
				at com.datastax.dsbulk.commons.codecs.string.StringToIntegerCodec.externalToInternal(StringToIntegerCodec.java:26)
				at com.datastax.dsbulk.commons.codecs.ConvertingCodec.encode(ConvertingCodec.java:63)
				at com.datastax.dsbulk.engine.internal.schema.DefaultRecordMapper.bindColumn(DefaultRecordMapper.java:144)
				at com.datastax.dsbulk.engine.internal.schema.DefaultRecordMapper.map(DefaultRecordMapper.java:118)
				Suppressed: java.text.ParseException: Invalid number format: Lueilwitzview NV
					at com.datastax.dsbulk.commons.codecs.util.CodecUtils.parseNumber(CodecUtils.java:272)
					at com.datastax.dsbulk.commons.codecs.util.CodecUtils.parseNumber(CodecUtils.java:117)
					at com.datastax.dsbulk.commons.codecs.string.StringToNumberCodec.parseNumber(StringToNumberCodec.java:72)
					at com.datastax.dsbulk.commons.codecs.string.StringToIntegerCodec.externalToInternal(StringToIntegerCodec.java:55)
					at com.datastax.dsbulk.commons.codecs.string.StringToIntegerCodec.externalToInternal(StringToIntegerCodec.java:26)
					at com.datastax.dsbulk.commons.codecs.ConvertingCodec.encode(ConvertingCodec.java:63)
					at com.datastax.dsbulk.engine.internal.schema.DefaultRecordMapper.bindColumn(DefaultRecordMapper.java:144)
					at com.datastax.dsbulk.engine.internal.schema.DefaultRecordMapper.map(DefaultRecordMapper.java:118)
					at java.lang.Thread.run(Thread.java:748) [22 skipped]

Resource: file:/Users/jingchen/Documents/HackReactor/Project/SDC/review-service/export.csv
Position: 7
Source: 9999999;Verla O'Connell Jr.;Beattyfurt MN;The COM hard drive is down, parse the optical feed so we can hack the RSS bus!;Voluptates similique omnis deleniti.;26;31;26\u000a
java.lang.IllegalArgumentException: Could not parse 'Beattyfurt MN'; accepted formats are: a valid number (e.g. '1234.56'), a valid Java numeric format (e.g. '-123.45e6'), a valid date-time pattern (e.g. '2020-07-13T19:26:20.305Z'), or a valid boolean word
	at com.datastax.dsbulk.commons.codecs.util.CodecUtils.parseNumber(CodecUtils.java:144)
	at com.datastax.dsbulk.commons.codecs.string.StringToNumberCodec.parseNumber(StringToNumberCodec.java:72)
	at com.datastax.dsbulk.commons.codecs.string.StringToIntegerCodec.externalToInternal(StringToIntegerCodec.java:55)
	at com.datastax.dsbulk.commons.codecs.string.StringToIntegerCodec.externalToInternal(StringToIntegerCodec.java:26)
	at com.datastax.dsbulk.commons.codecs.ConvertingCodec.encode(ConvertingCodec.java:63)
	at com.datastax.dsbulk.engine.internal.schema.DefaultRecordMapper.bindColumn(DefaultRecordMapper.java:144)
	at com.datastax.dsbulk.engine.internal.schema.DefaultRecordMapper.map(DefaultRecordMapper.java:118)
	at java.lang.Thread.run(Thread.java:748) [22 skipped]
	Suppressed: java.time.format.DateTimeParseException: Text 'Beattyfurt MN' could not be parsed at index 0
		at java.time.format.DateTimeFormatter.parseResolved0(DateTimeFormatter.java:1949)
		at java.time.format.DateTimeFormatter.parse(DateTimeFormatter.java:1819)
		at com.datastax.dsbulk.commons.codecs.util.SimpleTemporalFormat.parse(SimpleTemporalFormat.java:41)
		at com.datastax.dsbulk.commons.codecs.util.ZonedTemporalFormat.parse(ZonedTemporalFormat.java:45)
		at com.datastax.dsbulk.commons.codecs.util.CodecUtils.parseNumber(CodecUtils.java:131)
		at com.datastax.dsbulk.commons.codecs.string.StringToNumberCodec.parseNumber(StringToNumberCodec.java:72)
		at com.datastax.dsbulk.commons.codecs.string.StringToIntegerCodec.externalToInternal(StringToIntegerCodec.java:55)
		at com.datastax.dsbulk.commons.codecs.string.StringToIntegerCodec.externalToInternal(StringToIntegerCodec.java:26)
		at com.datastax.dsbulk.commons.codecs.ConvertingCodec.encode(ConvertingCodec.java:63)
		at com.datastax.dsbulk.engine.internal.schema.DefaultRecordMapper.bindColumn(DefaultRecordMapper.java:144)
		Suppressed: java.lang.NumberFormatException: For input string: "Beattyfurt MN"
			at sun.misc.FloatingDecimal.readJavaFormatString(FloatingDecimal.java:2043)
			at sun.misc.FloatingDecimal.parseDouble(FloatingDecimal.java:110)
			at java.lang.Double.parseDouble(Double.java:538)
			at java.lang.Double.valueOf(Double.java:502)
			at com.datastax.dsbulk.commons.codecs.util.CodecUtils.parseNumber(CodecUtils.java:126)
			at com.datastax.dsbulk.commons.codecs.string.StringToNumberCodec.parseNumber(StringToNumberCodec.java:72)
			at com.datastax.dsbulk.commons.codecs.string.StringToIntegerCodec.externalToInternal(StringToIntegerCodec.java:55)
			at com.datastax.dsbulk.commons.codecs.string.StringToIntegerCodec.externalToInternal(StringToIntegerCodec.java:26)
			at com.datastax.dsbulk.commons.codecs.ConvertingCodec.encode(ConvertingCodec.java:63)
			at com.datastax.dsbulk.engine.internal.schema.DefaultRecordMapper.bindColumn(DefaultRecordMapper.java:144)
			Suppressed: java.lang.NumberFormatException: null
				at java.math.BigDecimal.<init>(BigDecimal.java:497)
				at java.math.BigDecimal.<init>(BigDecimal.java:383)
				at java.math.BigDecimal.<init>(BigDecimal.java:809)
				at com.datastax.dsbulk.commons.codecs.util.CodecUtils.parseNumber(CodecUtils.java:121)
				at com.datastax.dsbulk.commons.codecs.string.StringToNumberCodec.parseNumber(StringToNumberCodec.java:72)
				at com.datastax.dsbulk.commons.codecs.string.StringToIntegerCodec.externalToInternal(StringToIntegerCodec.java:55)
				at com.datastax.dsbulk.commons.codecs.string.StringToIntegerCodec.externalToInternal(StringToIntegerCodec.java:26)
				at com.datastax.dsbulk.commons.codecs.ConvertingCodec.encode(ConvertingCodec.java:63)
				at com.datastax.dsbulk.engine.internal.schema.DefaultRecordMapper.bindColumn(DefaultRecordMapper.java:144)
				at com.datastax.dsbulk.engine.internal.schema.DefaultRecordMapper.map(DefaultRecordMapper.java:118)
				Suppressed: java.text.ParseException: Invalid number format: Beattyfurt MN
					at com.datastax.dsbulk.commons.codecs.util.CodecUtils.parseNumber(CodecUtils.java:272)
					at com.datastax.dsbulk.commons.codecs.util.CodecUtils.parseNumber(CodecUtils.java:117)
					at com.datastax.dsbulk.commons.codecs.string.StringToNumberCodec.parseNumber(StringToNumberCodec.java:72)
					at com.datastax.dsbulk.commons.codecs.string.StringToIntegerCodec.externalToInternal(StringToIntegerCodec.java:55)
					at com.datastax.dsbulk.commons.codecs.string.StringToIntegerCodec.externalToInternal(StringToIntegerCodec.java:26)
					at com.datastax.dsbulk.commons.codecs.ConvertingCodec.encode(ConvertingCodec.java:63)
					at com.datastax.dsbulk.engine.internal.schema.DefaultRecordMapper.bindColumn(DefaultRecordMapper.java:144)
					at com.datastax.dsbulk.engine.internal.schema.DefaultRecordMapper.map(DefaultRecordMapper.java:118)
					at java.lang.Thread.run(Thread.java:748) [22 skipped]

Resource: file:/Users/jingchen/Documents/HackReactor/Project/SDC/review-service/export.csv
Position: 8
Source: 9999999;Rebeca Nikolaus;Auerbury NJ;I'll input the digital CSS transmitter, that should matrix the THX bus!;Officia voluptatem beatae.;10;19;5\u000a
java.lang.IllegalArgumentException: Could not parse 'Auerbury NJ'; accepted formats are: a valid number (e.g. '1234.56'), a valid Java numeric format (e.g. '-123.45e6'), a valid date-time pattern (e.g. '2020-07-13T19:26:20.305Z'), or a valid boolean word
	at com.datastax.dsbulk.commons.codecs.util.CodecUtils.parseNumber(CodecUtils.java:144)
	at com.datastax.dsbulk.commons.codecs.string.StringToNumberCodec.parseNumber(StringToNumberCodec.java:72)
	at com.datastax.dsbulk.commons.codecs.string.StringToIntegerCodec.externalToInternal(StringToIntegerCodec.java:55)
	at com.datastax.dsbulk.commons.codecs.string.StringToIntegerCodec.externalToInternal(StringToIntegerCodec.java:26)
	at com.datastax.dsbulk.commons.codecs.ConvertingCodec.encode(ConvertingCodec.java:63)
	at com.datastax.dsbulk.engine.internal.schema.DefaultRecordMapper.bindColumn(DefaultRecordMapper.java:144)
	at com.datastax.dsbulk.engine.internal.schema.DefaultRecordMapper.map(DefaultRecordMapper.java:118)
	at java.lang.Thread.run(Thread.java:748) [22 skipped]
	Suppressed: java.time.format.DateTimeParseException: Text 'Auerbury NJ' could not be parsed at index 0
		at java.time.format.DateTimeFormatter.parseResolved0(DateTimeFormatter.java:1949)
		at java.time.format.DateTimeFormatter.parse(DateTimeFormatter.java:1819)
		at com.datastax.dsbulk.commons.codecs.util.SimpleTemporalFormat.parse(SimpleTemporalFormat.java:41)
		at com.datastax.dsbulk.commons.codecs.util.ZonedTemporalFormat.parse(ZonedTemporalFormat.java:45)
		at com.datastax.dsbulk.commons.codecs.util.CodecUtils.parseNumber(CodecUtils.java:131)
		at com.datastax.dsbulk.commons.codecs.string.StringToNumberCodec.parseNumber(StringToNumberCodec.java:72)
		at com.datastax.dsbulk.commons.codecs.string.StringToIntegerCodec.externalToInternal(StringToIntegerCodec.java:55)
		at com.datastax.dsbulk.commons.codecs.string.StringToIntegerCodec.externalToInternal(StringToIntegerCodec.java:26)
		at com.datastax.dsbulk.commons.codecs.ConvertingCodec.encode(ConvertingCodec.java:63)
		at com.datastax.dsbulk.engine.internal.schema.DefaultRecordMapper.bindColumn(DefaultRecordMapper.java:144)
		Suppressed: java.lang.NumberFormatException: For input string: "Auerbury NJ"
			at sun.misc.FloatingDecimal.readJavaFormatString(FloatingDecimal.java:2043)
			at sun.misc.FloatingDecimal.parseDouble(FloatingDecimal.java:110)
			at java.lang.Double.parseDouble(Double.java:538)
			at java.lang.Double.valueOf(Double.java:502)
			at com.datastax.dsbulk.commons.codecs.util.CodecUtils.parseNumber(CodecUtils.java:126)
			at com.datastax.dsbulk.commons.codecs.string.StringToNumberCodec.parseNumber(StringToNumberCodec.java:72)
			at com.datastax.dsbulk.commons.codecs.string.StringToIntegerCodec.externalToInternal(StringToIntegerCodec.java:55)
			at com.datastax.dsbulk.commons.codecs.string.StringToIntegerCodec.externalToInternal(StringToIntegerCodec.java:26)
			at com.datastax.dsbulk.commons.codecs.ConvertingCodec.encode(ConvertingCodec.java:63)
			at com.datastax.dsbulk.engine.internal.schema.DefaultRecordMapper.bindColumn(DefaultRecordMapper.java:144)
			Suppressed: java.lang.NumberFormatException: null
				at java.math.BigDecimal.<init>(BigDecimal.java:497)
				at java.math.BigDecimal.<init>(BigDecimal.java:383)
				at java.math.BigDecimal.<init>(BigDecimal.java:809)
				at com.datastax.dsbulk.commons.codecs.util.CodecUtils.parseNumber(CodecUtils.java:121)
				at com.datastax.dsbulk.commons.codecs.string.StringToNumberCodec.parseNumber(StringToNumberCodec.java:72)
				at com.datastax.dsbulk.commons.codecs.string.StringToIntegerCodec.externalToInternal(StringToIntegerCodec.java:55)
				at com.datastax.dsbulk.commons.codecs.string.StringToIntegerCodec.externalToInternal(StringToIntegerCodec.java:26)
				at com.datastax.dsbulk.commons.codecs.ConvertingCodec.encode(ConvertingCodec.java:63)
				at com.datastax.dsbulk.engine.internal.schema.DefaultRecordMapper.bindColumn(DefaultRecordMapper.java:144)
				at com.datastax.dsbulk.engine.internal.schema.DefaultRecordMapper.map(DefaultRecordMapper.java:118)
				Suppressed: java.text.ParseException: Invalid number format: Auerbury NJ
					at com.datastax.dsbulk.commons.codecs.util.CodecUtils.parseNumber(CodecUtils.java:272)
					at com.datastax.dsbulk.commons.codecs.util.CodecUtils.parseNumber(CodecUtils.java:117)
					at com.datastax.dsbulk.commons.codecs.string.StringToNumberCodec.parseNumber(StringToNumberCodec.java:72)
					at com.datastax.dsbulk.commons.codecs.string.StringToIntegerCodec.externalToInternal(StringToIntegerCodec.java:55)
					at com.datastax.dsbulk.commons.codecs.string.StringToIntegerCodec.externalToInternal(StringToIntegerCodec.java:26)
					at com.datastax.dsbulk.commons.codecs.ConvertingCodec.encode(ConvertingCodec.java:63)
					at com.datastax.dsbulk.engine.internal.schema.DefaultRecordMapper.bindColumn(DefaultRecordMapper.java:144)
					at com.datastax.dsbulk.engine.internal.schema.DefaultRecordMapper.map(DefaultRecordMapper.java:118)
					at java.lang.Thread.run(Thread.java:748) [22 skipped]

Resource: file:/Users/jingchen/Documents/HackReactor/Project/SDC/review-service/export.csv
Position: 9
Source: 9999999;Madonna Thompson;Bruenside ME;Try to parse the AI system, maybe it will compress the neural capacitor!;Aut eligendi temporibus inventore cumque id aliquam ut.;45;50;17\u000a
java.lang.IllegalArgumentException: Could not parse 'Bruenside ME'; accepted formats are: a valid number (e.g. '1234.56'), a valid Java numeric format (e.g. '-123.45e6'), a valid date-time pattern (e.g. '2020-07-13T19:26:20.305Z'), or a valid boolean word
	at com.datastax.dsbulk.commons.codecs.util.CodecUtils.parseNumber(CodecUtils.java:144)
	at com.datastax.dsbulk.commons.codecs.string.StringToNumberCodec.parseNumber(StringToNumberCodec.java:72)
	at com.datastax.dsbulk.commons.codecs.string.StringToIntegerCodec.externalToInternal(StringToIntegerCodec.java:55)
	at com.datastax.dsbulk.commons.codecs.string.StringToIntegerCodec.externalToInternal(StringToIntegerCodec.java:26)
	at com.datastax.dsbulk.commons.codecs.ConvertingCodec.encode(ConvertingCodec.java:63)
	at com.datastax.dsbulk.engine.internal.schema.DefaultRecordMapper.bindColumn(DefaultRecordMapper.java:144)
	at com.datastax.dsbulk.engine.internal.schema.DefaultRecordMapper.map(DefaultRecordMapper.java:118)
	at java.lang.Thread.run(Thread.java:748) [22 skipped]
	Suppressed: java.time.format.DateTimeParseException: Text 'Bruenside ME' could not be parsed at index 0
		at java.time.format.DateTimeFormatter.parseResolved0(DateTimeFormatter.java:1949)
		at java.time.format.DateTimeFormatter.parse(DateTimeFormatter.java:1819)
		at com.datastax.dsbulk.commons.codecs.util.SimpleTemporalFormat.parse(SimpleTemporalFormat.java:41)
		at com.datastax.dsbulk.commons.codecs.util.ZonedTemporalFormat.parse(ZonedTemporalFormat.java:45)
		at com.datastax.dsbulk.commons.codecs.util.CodecUtils.parseNumber(CodecUtils.java:131)
		at com.datastax.dsbulk.commons.codecs.string.StringToNumberCodec.parseNumber(StringToNumberCodec.java:72)
		at com.datastax.dsbulk.commons.codecs.string.StringToIntegerCodec.externalToInternal(StringToIntegerCodec.java:55)
		at com.datastax.dsbulk.commons.codecs.string.StringToIntegerCodec.externalToInternal(StringToIntegerCodec.java:26)
		at com.datastax.dsbulk.commons.codecs.ConvertingCodec.encode(ConvertingCodec.java:63)
		at com.datastax.dsbulk.engine.internal.schema.DefaultRecordMapper.bindColumn(DefaultRecordMapper.java:144)
		Suppressed: java.lang.NumberFormatException: For input string: "Bruenside ME"
			at sun.misc.FloatingDecimal.readJavaFormatString(FloatingDecimal.java:2043)
			at sun.misc.FloatingDecimal.parseDouble(FloatingDecimal.java:110)
			at java.lang.Double.parseDouble(Double.java:538)
			at java.lang.Double.valueOf(Double.java:502)
			at com.datastax.dsbulk.commons.codecs.util.CodecUtils.parseNumber(CodecUtils.java:126)
			at com.datastax.dsbulk.commons.codecs.string.StringToNumberCodec.parseNumber(StringToNumberCodec.java:72)
			at com.datastax.dsbulk.commons.codecs.string.StringToIntegerCodec.externalToInternal(StringToIntegerCodec.java:55)
			at com.datastax.dsbulk.commons.codecs.string.StringToIntegerCodec.externalToInternal(StringToIntegerCodec.java:26)
			at com.datastax.dsbulk.commons.codecs.ConvertingCodec.encode(ConvertingCodec.java:63)
			at com.datastax.dsbulk.engine.internal.schema.DefaultRecordMapper.bindColumn(DefaultRecordMapper.java:144)
			Suppressed: java.lang.NumberFormatException: null
				at java.math.BigDecimal.<init>(BigDecimal.java:497)
				at java.math.BigDecimal.<init>(BigDecimal.java:383)
				at java.math.BigDecimal.<init>(BigDecimal.java:809)
				at com.datastax.dsbulk.commons.codecs.util.CodecUtils.parseNumber(CodecUtils.java:121)
				at com.datastax.dsbulk.commons.codecs.string.StringToNumberCodec.parseNumber(StringToNumberCodec.java:72)
				at com.datastax.dsbulk.commons.codecs.string.StringToIntegerCodec.externalToInternal(StringToIntegerCodec.java:55)
				at com.datastax.dsbulk.commons.codecs.string.StringToIntegerCodec.externalToInternal(StringToIntegerCodec.java:26)
				at com.datastax.dsbulk.commons.codecs.ConvertingCodec.encode(ConvertingCodec.java:63)
				at com.datastax.dsbulk.engine.internal.schema.DefaultRecordMapper.bindColumn(DefaultRecordMapper.java:144)
				at com.datastax.dsbulk.engine.internal.schema.DefaultRecordMapper.map(DefaultRecordMapper.java:118)
				Suppressed: java.text.ParseException: Invalid number format: Bruenside ME
					at com.datastax.dsbulk.commons.codecs.util.CodecUtils.parseNumber(CodecUtils.java:272)
					at com.datastax.dsbulk.commons.codecs.util.CodecUtils.parseNumber(CodecUtils.java:117)
					at com.datastax.dsbulk.commons.codecs.string.StringToNumberCodec.parseNumber(StringToNumberCodec.java:72)
					at com.datastax.dsbulk.commons.codecs.string.StringToIntegerCodec.externalToInternal(StringToIntegerCodec.java:55)
					at com.datastax.dsbulk.commons.codecs.string.StringToIntegerCodec.externalToInternal(StringToIntegerCodec.java:26)
					at com.datastax.dsbulk.commons.codecs.ConvertingCodec.encode(ConvertingCodec.java:63)
					at com.datastax.dsbulk.engine.internal.schema.DefaultRecordMapper.bindColumn(DefaultRecordMapper.java:144)
					at com.datastax.dsbulk.engine.internal.schema.DefaultRecordMapper.map(DefaultRecordMapper.java:118)
					at java.lang.Thread.run(Thread.java:748) [22 skipped]

Resource: file:/Users/jingchen/Documents/HackReactor/Project/SDC/review-service/export.csv
Position: 10
Source: 9999999;Maximillia Rempel;Kihnview SC;If we generate the capacitor, we can get to the USB monitor through the 1080p RSS application!;Et omnis ut soluta sequi.;48;41;42
java.lang.IllegalArgumentException: Could not parse 'Kihnview SC'; accepted formats are: a valid number (e.g. '1234.56'), a valid Java numeric format (e.g. '-123.45e6'), a valid date-time pattern (e.g. '2020-07-13T19:26:20.306Z'), or a valid boolean word
	at com.datastax.dsbulk.commons.codecs.util.CodecUtils.parseNumber(CodecUtils.java:144)
	at com.datastax.dsbulk.commons.codecs.string.StringToNumberCodec.parseNumber(StringToNumberCodec.java:72)
	at com.datastax.dsbulk.commons.codecs.string.StringToIntegerCodec.externalToInternal(StringToIntegerCodec.java:55)
	at com.datastax.dsbulk.commons.codecs.string.StringToIntegerCodec.externalToInternal(StringToIntegerCodec.java:26)
	at com.datastax.dsbulk.commons.codecs.ConvertingCodec.encode(ConvertingCodec.java:63)
	at com.datastax.dsbulk.engine.internal.schema.DefaultRecordMapper.bindColumn(DefaultRecordMapper.java:144)
	at com.datastax.dsbulk.engine.internal.schema.DefaultRecordMapper.map(DefaultRecordMapper.java:118)
	at java.lang.Thread.run(Thread.java:748) [22 skipped]
	Suppressed: java.time.format.DateTimeParseException: Text 'Kihnview SC' could not be parsed at index 0
		at java.time.format.DateTimeFormatter.parseResolved0(DateTimeFormatter.java:1949)
		at java.time.format.DateTimeFormatter.parse(DateTimeFormatter.java:1819)
		at com.datastax.dsbulk.commons.codecs.util.SimpleTemporalFormat.parse(SimpleTemporalFormat.java:41)
		at com.datastax.dsbulk.commons.codecs.util.ZonedTemporalFormat.parse(ZonedTemporalFormat.java:45)
		at com.datastax.dsbulk.commons.codecs.util.CodecUtils.parseNumber(CodecUtils.java:131)
		at com.datastax.dsbulk.commons.codecs.string.StringToNumberCodec.parseNumber(StringToNumberCodec.java:72)
		at com.datastax.dsbulk.commons.codecs.string.StringToIntegerCodec.externalToInternal(StringToIntegerCodec.java:55)
		at com.datastax.dsbulk.commons.codecs.string.StringToIntegerCodec.externalToInternal(StringToIntegerCodec.java:26)
		at com.datastax.dsbulk.commons.codecs.ConvertingCodec.encode(ConvertingCodec.java:63)
		at com.datastax.dsbulk.engine.internal.schema.DefaultRecordMapper.bindColumn(DefaultRecordMapper.java:144)
		Suppressed: java.lang.NumberFormatException: For input string: "Kihnview SC"
			at sun.misc.FloatingDecimal.readJavaFormatString(FloatingDecimal.java:2043)
			at sun.misc.FloatingDecimal.parseDouble(FloatingDecimal.java:110)
			at java.lang.Double.parseDouble(Double.java:538)
			at java.lang.Double.valueOf(Double.java:502)
			at com.datastax.dsbulk.commons.codecs.util.CodecUtils.parseNumber(CodecUtils.java:126)
			at com.datastax.dsbulk.commons.codecs.string.StringToNumberCodec.parseNumber(StringToNumberCodec.java:72)
			at com.datastax.dsbulk.commons.codecs.string.StringToIntegerCodec.externalToInternal(StringToIntegerCodec.java:55)
			at com.datastax.dsbulk.commons.codecs.string.StringToIntegerCodec.externalToInternal(StringToIntegerCodec.java:26)
			at com.datastax.dsbulk.commons.codecs.ConvertingCodec.encode(ConvertingCodec.java:63)
			at com.datastax.dsbulk.engine.internal.schema.DefaultRecordMapper.bindColumn(DefaultRecordMapper.java:144)
			Suppressed: java.lang.NumberFormatException: null
				at java.math.BigDecimal.<init>(BigDecimal.java:497)
				at java.math.BigDecimal.<init>(BigDecimal.java:383)
				at java.math.BigDecimal.<init>(BigDecimal.java:809)
				at com.datastax.dsbulk.commons.codecs.util.CodecUtils.parseNumber(CodecUtils.java:121)
				at com.datastax.dsbulk.commons.codecs.string.StringToNumberCodec.parseNumber(StringToNumberCodec.java:72)
				at com.datastax.dsbulk.commons.codecs.string.StringToIntegerCodec.externalToInternal(StringToIntegerCodec.java:55)
				at com.datastax.dsbulk.commons.codecs.string.StringToIntegerCodec.externalToInternal(StringToIntegerCodec.java:26)
				at com.datastax.dsbulk.commons.codecs.ConvertingCodec.encode(ConvertingCodec.java:63)
				at com.datastax.dsbulk.engine.internal.schema.DefaultRecordMapper.bindColumn(DefaultRecordMapper.java:144)
				at com.datastax.dsbulk.engine.internal.schema.DefaultRecordMapper.map(DefaultRecordMapper.java:118)
				Suppressed: java.text.ParseException: Invalid number format: Kihnview SC
					at com.datastax.dsbulk.commons.codecs.util.CodecUtils.parseNumber(CodecUtils.java:272)
					at com.datastax.dsbulk.commons.codecs.util.CodecUtils.parseNumber(CodecUtils.java:117)
					at com.datastax.dsbulk.commons.codecs.string.StringToNumberCodec.parseNumber(StringToNumberCodec.java:72)
					at com.datastax.dsbulk.commons.codecs.string.StringToIntegerCodec.externalToInternal(StringToIntegerCodec.java:55)
					at com.datastax.dsbulk.commons.codecs.string.StringToIntegerCodec.externalToInternal(StringToIntegerCodec.java:26)
					at com.datastax.dsbulk.commons.codecs.ConvertingCodec.encode(ConvertingCodec.java:63)
					at com.datastax.dsbulk.engine.internal.schema.DefaultRecordMapper.bindColumn(DefaultRecordMapper.java:144)
					at com.datastax.dsbulk.engine.internal.schema.DefaultRecordMapper.map(DefaultRecordMapper.java:118)
					at java.lang.Thread.run(Thread.java:748) [22 skipped]

